<?xml version="1.0" encoding="UTF-8" ?>
<testsuite tests="3" failures="0" name="com.danske.pyramid.MaximumSumBinaryPyramidTest" time="0.263" errors="0" skipped="0">
  <properties>
    <property name="java.runtime.name" value="Java(TM) SE Runtime Environment"/>
    <property name="sun.boot.library.path" value="D:\ProgramFiles\Java\jdk1.8.0_65\jre\bin"/>
    <property name="java.vm.version" value="25.65-b01"/>
    <property name="java.vm.vendor" value="Oracle Corporation"/>
    <property name="maven.multiModuleProjectDirectory" value="D:\CodeBase\Tutorials\TestRest\pyramidBinarySum"/>
    <property name="java.vendor.url" value="http://java.oracle.com/"/>
    <property name="path.separator" value=";"/>
    <property name="guice.disable.misplaced.annotation.check" value="true"/>
    <property name="java.vm.name" value="Java HotSpot(TM) 64-Bit Server VM"/>
    <property name="file.encoding.pkg" value="sun.io"/>
    <property name="user.script" value=""/>
    <property name="user.country" value="US"/>
    <property name="sun.java.launcher" value="SUN_STANDARD"/>
    <property name="sun.os.patch.level" value=""/>
    <property name="java.vm.specification.name" value="Java Virtual Machine Specification"/>
    <property name="user.dir" value="D:\CodeBase\Tutorials\TestRest\pyramidBinarySum"/>
    <property name="java.runtime.version" value="1.8.0_65-b17"/>
    <property name="java.awt.graphicsenv" value="sun.awt.Win32GraphicsEnvironment"/>
    <property name="java.endorsed.dirs" value="D:\ProgramFiles\Java\jdk1.8.0_65\jre\lib\endorsed"/>
    <property name="os.arch" value="amd64"/>
    <property name="java.io.tmpdir" value="C:\Users\ab320571\AppData\Local\Temp\"/>
    <property name="line.separator" value="
"/>
    <property name="java.vm.specification.vendor" value="Oracle Corporation"/>
    <property name="user.variant" value=""/>
    <property name="os.name" value="Windows 10"/>
    <property name="classworlds.conf" value="D:\CodeBase\Tutorials\TestRest\.metadata\.plugins\org.eclipse.m2e.launching\launches\m2conf8111948386962503748.tmp"/>
    <property name="sun.jnu.encoding" value="Cp1252"/>
    <property name="java.library.path" value="D:\ProgramFiles\Java\jdk1.8.0_65\bin;C:\WINDOWS\Sun\Java\bin;C:\WINDOWS\system32;C:\WINDOWS;D:/ProgramFiles/Java/jdk1.8.0_65/bin/../jre/bin/server;D:/ProgramFiles/Java/jdk1.8.0_65/bin/../jre/bin;D:/ProgramFiles/Java/jdk1.8.0_65/bin/../jre/lib/amd64;D:\ProgramFiles\Java\jdk1.8.0_65\bin;C:\Program Files\MongoDB\Server\3.2\bin;D:\ProgramFiles\apache-maven-3.3.9\bin;C:\Program Files (x86)\Common Files\Oracle\Java\javapath;C:\WINDOWS\system32;C:\WINDOWS;C:\WINDOWS\System32\Wbem;C:\WINDOWS\System32\WindowsPowerShell\v1.0\;C:\Program Files (x86)\WebEx\Productivity Tools;D:\ProgramFiles\nodejs\;C:\Program Files (x86)\PuTTY\;C:\WINDOWS\System32\OpenSSH\;C:\Users\ab320571\AppData\Local\Microsoft\WindowsApps;C:\Users\ab320571\AppData\Local\Programs\Git\cmd;C:\Users\ab320571\AppData\Roaming\npm;;D:\eclipse;;."/>
    <property name="java.specification.name" value="Java Platform API Specification"/>
    <property name="java.class.version" value="52.0"/>
    <property name="sun.management.compiler" value="HotSpot 64-Bit Tiered Compilers"/>
    <property name="os.version" value="10.0"/>
    <property name="user.home" value="C:\Users\ab320571"/>
    <property name="user.timezone" value="Asia/Calcutta"/>
    <property name="java.awt.printerjob" value="sun.awt.windows.WPrinterJob"/>
    <property name="java.specification.version" value="1.8"/>
    <property name="file.encoding" value="Cp1252"/>
    <property name="user.name" value="AB320571"/>
    <property name="java.class.path" value="D:\eclipse\plugins\org.eclipse.m2e.maven.runtime_1.9.0.20180606-2035\jars\plexus-classworlds-2.5.2.jar"/>
    <property name="java.vm.specification.version" value="1.8"/>
    <property name="sun.arch.data.model" value="64"/>
    <property name="java.home" value="D:\ProgramFiles\Java\jdk1.8.0_65\jre"/>
    <property name="sun.java.command" value="org.codehaus.plexus.classworlds.launcher.Launcher -B clean install"/>
    <property name="java.specification.vendor" value="Oracle Corporation"/>
    <property name="user.language" value="en"/>
    <property name="awt.toolkit" value="sun.awt.windows.WToolkit"/>
    <property name="java.vm.info" value="mixed mode"/>
    <property name="java.version" value="1.8.0_65"/>
    <property name="java.ext.dirs" value="D:\ProgramFiles\Java\jdk1.8.0_65\jre\lib\ext;C:\WINDOWS\Sun\Java\lib\ext"/>
    <property name="sun.boot.class.path" value="D:\ProgramFiles\Java\jdk1.8.0_65\jre\lib\resources.jar;D:\ProgramFiles\Java\jdk1.8.0_65\jre\lib\rt.jar;D:\ProgramFiles\Java\jdk1.8.0_65\jre\lib\sunrsasign.jar;D:\ProgramFiles\Java\jdk1.8.0_65\jre\lib\jsse.jar;D:\ProgramFiles\Java\jdk1.8.0_65\jre\lib\jce.jar;D:\ProgramFiles\Java\jdk1.8.0_65\jre\lib\charsets.jar;D:\ProgramFiles\Java\jdk1.8.0_65\jre\lib\jfr.jar;D:\ProgramFiles\Java\jdk1.8.0_65\jre\classes"/>
    <property name="java.vendor" value="Oracle Corporation"/>
    <property name="maven.home" value="D:\CodeBase\Tutorials\TestRest\pyramidBinarySum\EMBEDDED"/>
    <property name="file.separator" value="\"/>
    <property name="java.vendor.url.bug" value="http://bugreport.sun.com/bugreport/"/>
    <property name="sun.cpu.endian" value="little"/>
    <property name="sun.io.unicode.encoding" value="UnicodeLittle"/>
    <property name="sun.desktop" value="windows"/>
    <property name="sun.cpu.isalist" value="amd64"/>
  </properties>
  <testcase classname="com.danske.pyramid.MaximumSumBinaryPyramidTest" name="findMaximumSumBinaryPyramidComplexInput" time="0.257"/>
  <testcase classname="com.danske.pyramid.MaximumSumBinaryPyramidTest" name="findMaximumSumBinaryPyramidInvalidInput" time="0.001"/>
  <testcase classname="com.danske.pyramid.MaximumSumBinaryPyramidTest" name="findMaximumSumBinaryPyramidSimpleInput" time="0.005"/>
</testsuite>